c:\users\snucn\source\repos\termproject2019_team20\termproject2019_team20\debug\vc142.pdb
c:\users\snucn\source\repos\termproject2019_team20\termproject2019_team20\debug\vc142.idb
c:\users\snucn\source\repos\termproject2019_team20\termproject2019_team20\debug\timebar.obj
c:\users\snucn\source\repos\termproject2019_team20\termproject2019_team20\debug\texture.obj
c:\users\snucn\source\repos\termproject2019_team20\termproject2019_team20\debug\pathlaser.obj
c:\users\snucn\source\repos\termproject2019_team20\termproject2019_team20\debug\material.obj
c:\users\snucn\source\repos\termproject2019_team20\termproject2019_team20\debug\main.obj
c:\users\snucn\source\repos\termproject2019_team20\termproject2019_team20\debug\light.obj
c:\users\snucn\source\repos\termproject2019_team20\termproject2019_team20\debug\control.obj
c:\users\snucn\source\repos\termproject2019_team20\termproject2019_team20\debug\board_ball.obj
c:\users\snucn\source\repos\termproject2019_team20\termproject2019_team20\debug\ball.obj
c:\users\snucn\source\repos\termproject2019_team20\termproject2019_team20\debug\arrow.obj
c:\users\snucn\source\repos\termproject2019_team20\debug\termproject2019_team20.exe
c:\users\snucn\source\repos\termproject2019_team20\debug\termproject2019_team20.ilk
c:\users\snucn\source\repos\termproject2019_team20\debug\termproject2019_team20.pdb
c:\users\snucn\source\repos\termproject2019_team20\termproject2019_team20\debug\termproj.4c65bcce.tlog\cl.command.1.tlog
c:\users\snucn\source\repos\termproject2019_team20\termproject2019_team20\debug\termproj.4c65bcce.tlog\cl.read.1.tlog
c:\users\snucn\source\repos\termproject2019_team20\termproject2019_team20\debug\termproj.4c65bcce.tlog\cl.write.1.tlog
c:\users\snucn\source\repos\termproject2019_team20\termproject2019_team20\debug\termproj.4c65bcce.tlog\link.command.1.tlog
c:\users\snucn\source\repos\termproject2019_team20\termproject2019_team20\debug\termproj.4c65bcce.tlog\link.read.1.tlog
c:\users\snucn\source\repos\termproject2019_team20\termproject2019_team20\debug\termproj.4c65bcce.tlog\link.write.1.tlog
